Determining if the pthread_create exist failed with the following output:
Change Dir: /home/siddharth/sort-merge-simd/bitonic-sort-simd/floki/CMakeFiles/CMakeTmp

Run Build Command:/usr/bin/make "cmTryCompileExec353053716/fast"
make[1]: Entering directory `/home/siddharth/sort-merge-simd/bitonic-sort-simd/floki/CMakeFiles/CMakeTmp'
/usr/bin/make -f CMakeFiles/cmTryCompileExec353053716.dir/build.make CMakeFiles/cmTryCompileExec353053716.dir/build
make[2]: Entering directory `/home/siddharth/sort-merge-simd/bitonic-sort-simd/floki/CMakeFiles/CMakeTmp'
/usr/bin/cmake -E cmake_progress_report /home/siddharth/sort-merge-simd/bitonic-sort-simd/floki/CMakeFiles/CMakeTmp/CMakeFiles 1
Building C object CMakeFiles/cmTryCompileExec353053716.dir/CheckSymbolExists.c.o
/usr/bin/cc    -o CMakeFiles/cmTryCompileExec353053716.dir/CheckSymbolExists.c.o   -c /home/siddharth/sort-merge-simd/bitonic-sort-simd/floki/CMakeFiles/CMakeTmp/CheckSymbolExists.c
Linking C executable cmTryCompileExec353053716
/usr/bin/cmake -E cmake_link_script CMakeFiles/cmTryCompileExec353053716.dir/link.txt --verbose=1
/usr/bin/cc       CMakeFiles/cmTryCompileExec353053716.dir/CheckSymbolExists.c.o  -o cmTryCompileExec353053716 -rdynamic 
CMakeFiles/cmTryCompileExec353053716.dir/CheckSymbolExists.c.o: In function `main':
CheckSymbolExists.c:(.text+0x16): undefined reference to `pthread_create'
collect2: error: ld returned 1 exit status
make[2]: *** [cmTryCompileExec353053716] Error 1
make[2]: Leaving directory `/home/siddharth/sort-merge-simd/bitonic-sort-simd/floki/CMakeFiles/CMakeTmp'
make[1]: *** [cmTryCompileExec353053716/fast] Error 2
make[1]: Leaving directory `/home/siddharth/sort-merge-simd/bitonic-sort-simd/floki/CMakeFiles/CMakeTmp'

File /home/siddharth/sort-merge-simd/bitonic-sort-simd/floki/CMakeFiles/CMakeTmp/CheckSymbolExists.c:
/* */
#include <pthread.h>

int main(int argc, char** argv)
{
  (void)argv;
#ifndef pthread_create
  return ((int*)(&pthread_create))[argc];
#else
  (void)argc;
  return 0;
#endif
}

Determining if the function pthread_create exists in the pthreads failed with the following output:
Change Dir: /home/siddharth/sort-merge-simd/bitonic-sort-simd/floki/CMakeFiles/CMakeTmp

Run Build Command:/usr/bin/make "cmTryCompileExec3674429753/fast"
make[1]: Entering directory `/home/siddharth/sort-merge-simd/bitonic-sort-simd/floki/CMakeFiles/CMakeTmp'
/usr/bin/make -f CMakeFiles/cmTryCompileExec3674429753.dir/build.make CMakeFiles/cmTryCompileExec3674429753.dir/build
make[2]: Entering directory `/home/siddharth/sort-merge-simd/bitonic-sort-simd/floki/CMakeFiles/CMakeTmp'
/usr/bin/cmake -E cmake_progress_report /home/siddharth/sort-merge-simd/bitonic-sort-simd/floki/CMakeFiles/CMakeTmp/CMakeFiles 1
Building C object CMakeFiles/cmTryCompileExec3674429753.dir/CheckFunctionExists.c.o
/usr/bin/cc   -DCHECK_FUNCTION_EXISTS=pthread_create   -o CMakeFiles/cmTryCompileExec3674429753.dir/CheckFunctionExists.c.o   -c /usr/share/cmake-2.8/Modules/CheckFunctionExists.c
Linking C executable cmTryCompileExec3674429753
/usr/bin/cmake -E cmake_link_script CMakeFiles/cmTryCompileExec3674429753.dir/link.txt --verbose=1
/usr/bin/cc   -DCHECK_FUNCTION_EXISTS=pthread_create    CMakeFiles/cmTryCompileExec3674429753.dir/CheckFunctionExists.c.o  -o cmTryCompileExec3674429753 -rdynamic -lpthreads 
/usr/bin/ld: cannot find -lpthreads
collect2: error: ld returned 1 exit status
make[2]: *** [cmTryCompileExec3674429753] Error 1
make[2]: Leaving directory `/home/siddharth/sort-merge-simd/bitonic-sort-simd/floki/CMakeFiles/CMakeTmp'
make[1]: *** [cmTryCompileExec3674429753/fast] Error 2
make[1]: Leaving directory `/home/siddharth/sort-merge-simd/bitonic-sort-simd/floki/CMakeFiles/CMakeTmp'


